F:\REPO\MAGISTER\BIN\RELEASE\DECODER.EXE
F:\REPO\MAGISTER\BIN\RELEASE\DECODER.PDB
F:\repo\magister\opencv_proj\..\bin\Release\decoder.exe
F:\repo\magister\opencv_proj\..\bin\Release\decoder.pdb
F:\repo\magister\opencv_proj\decoder\Release\cl.command.1.tlog
F:\repo\magister\opencv_proj\decoder\Release\CL.read.1.tlog
F:\repo\magister\opencv_proj\decoder\Release\CL.write.1.tlog
F:\REPO\MAGISTER\OPENCV_PROJ\DECODER\RELEASE\DECIMATOR.OBJ
F:\REPO\MAGISTER\OPENCV_PROJ\DECODER\RELEASE\DECODER.EXE.INTERMEDIATE.MANIFEST
F:\REPO\MAGISTER\OPENCV_PROJ\DECODER\RELEASE\DECODER.OBJ
F:\REPO\MAGISTER\OPENCV_PROJ\DECODER\RELEASE\DECODER.PCH
F:\repo\magister\opencv_proj\decoder\Release\decoder.write.1.tlog
F:\repo\magister\opencv_proj\decoder\Release\link.command.1.tlog
F:\repo\magister\opencv_proj\decoder\Release\link.read.1.tlog
F:\repo\magister\opencv_proj\decoder\Release\link.write.1.tlog
F:\REPO\MAGISTER\OPENCV_PROJ\DECODER\RELEASE\MEDIAN.OBJ
F:\repo\magister\opencv_proj\decoder\Release\mt.command.1.tlog
F:\repo\magister\opencv_proj\decoder\Release\mt.read.1.tlog
F:\repo\magister\opencv_proj\decoder\Release\mt.write.1.tlog
F:\REPO\MAGISTER\OPENCV_PROJ\DECODER\RELEASE\PREPAREDATA.OBJ
F:\REPO\MAGISTER\OPENCV_PROJ\DECODER\RELEASE\PRINTFILE.OBJ
F:\REPO\MAGISTER\OPENCV_PROJ\DECODER\RELEASE\STDAFX.OBJ
F:\REPO\MAGISTER\OPENCV_PROJ\DECODER\RELEASE\VC100.PDB
F:\REPO\MAGISTER\OPENCV_PROJ\DECODER\RELEASE\WAVELET.OBJ
F:\REPO\MAGISTER\OPENCV_PROJ\DECODER\RELEASE\WAVELETMATRIX.OBJ
F:\REPO\MAGISTER\OPENCV_PROJ\DECODER\RELEASE\WAVELETPACK.OBJ
