F:\REPO\MAGISTER\BIN\RELEASE\VISUAL_PROJ.EXE
F:\REPO\MAGISTER\BIN\RELEASE\VISUAL_PROJ.PDB
F:\repo\magister\opencv_proj\..\bin\Release\visual_proj.exe
F:\repo\magister\opencv_proj\..\bin\Release\visual_proj.pdb
F:\REPO\MAGISTER\OPENCV_PROJ\VISUAL_PROJ\RELEASE\.NETFRAMEWORK,VERSION=V4.0.ASSEMBLYATTRIBUTES.OBJ
F:\REPO\MAGISTER\OPENCV_PROJ\VISUAL_PROJ\RELEASE\APP.RES
F:\REPO\MAGISTER\OPENCV_PROJ\VISUAL_PROJ\RELEASE\ASSEMBLYINFO.OBJ
F:\repo\magister\opencv_proj\visual_proj\Release\cl.command.1.tlog
F:\repo\magister\opencv_proj\visual_proj\Release\CL.read.1.tlog
F:\repo\magister\opencv_proj\visual_proj\Release\CL.write.1.tlog
F:\REPO\MAGISTER\OPENCV_PROJ\VISUAL_PROJ\RELEASE\DECIMATOR.OBJ
F:\repo\magister\opencv_proj\visual_proj\Release\link.command.1.tlog
F:\repo\magister\opencv_proj\visual_proj\Release\link.read.1.tlog
F:\repo\magister\opencv_proj\visual_proj\Release\link.write.1.tlog
F:\repo\magister\opencv_proj\visual_proj\Release\link-cvtres.read.1.tlog
F:\repo\magister\opencv_proj\visual_proj\Release\link-cvtres.write.1.tlog
F:\REPO\MAGISTER\OPENCV_PROJ\VISUAL_PROJ\RELEASE\MEDIAN.OBJ
F:\repo\magister\opencv_proj\visual_proj\Release\metagen.read.1.tlog
F:\repo\magister\opencv_proj\visual_proj\Release\metagen.write.1.tlog
F:\repo\magister\opencv_proj\visual_proj\Release\mt.command.1.tlog
F:\repo\magister\opencv_proj\visual_proj\Release\mt.read.1.tlog
F:\repo\magister\opencv_proj\visual_proj\Release\mt.write.1.tlog
F:\REPO\MAGISTER\OPENCV_PROJ\VISUAL_PROJ\RELEASE\PREPAREDATA.OBJ
F:\REPO\MAGISTER\OPENCV_PROJ\VISUAL_PROJ\RELEASE\PRINTFILE.OBJ
F:\repo\magister\opencv_proj\visual_proj\Release\rc.command.1.tlog
F:\repo\magister\opencv_proj\visual_proj\Release\rc.read.1.tlog
F:\repo\magister\opencv_proj\visual_proj\Release\rc.write.1.tlog
F:\repo\magister\opencv_proj\visual_proj\Release\RSAENH.DLL.bi
F:\REPO\MAGISTER\OPENCV_PROJ\VISUAL_PROJ\RELEASE\STDAFX.OBJ
F:\repo\magister\opencv_proj\visual_proj\Release\TZRES.DLL.bi
F:\REPO\MAGISTER\OPENCV_PROJ\VISUAL_PROJ\RELEASE\VC100.PDB
F:\REPO\MAGISTER\OPENCV_PROJ\VISUAL_PROJ\RELEASE\VISUAL_PROJ.EXE.INTERMEDIATE.MANIFEST
F:\repo\magister\opencv_proj\visual_proj\Release\visual_proj.Form1.resources
F:\REPO\MAGISTER\OPENCV_PROJ\VISUAL_PROJ\RELEASE\VISUAL_PROJ.OBJ
F:\REPO\MAGISTER\OPENCV_PROJ\VISUAL_PROJ\RELEASE\VISUAL_PROJ.PCH
F:\repo\magister\opencv_proj\visual_proj\Release\visual_proj.vcxproj.GenerateResource.Cache
F:\repo\magister\opencv_proj\visual_proj\Release\visual_proj.write.1.tlog
F:\REPO\MAGISTER\OPENCV_PROJ\VISUAL_PROJ\RELEASE\WAVELET.OBJ
F:\REPO\MAGISTER\OPENCV_PROJ\VISUAL_PROJ\RELEASE\WAVELETMATRIX.OBJ
F:\REPO\MAGISTER\OPENCV_PROJ\VISUAL_PROJ\RELEASE\WAVELETPACK.OBJ
