F:\REPO\MAGISTER\BIN\RELEASE\OPENCV_PROJ.EXE
F:\REPO\MAGISTER\BIN\RELEASE\OPENCV_PROJ.PDB
F:\repo\magister\opencv_proj\..\bin\Release\opencv_proj.exe
F:\repo\magister\opencv_proj\..\bin\Release\opencv_proj.pdb
F:\repo\magister\opencv_proj\opencv_proj\Release\cl.command.1.tlog
F:\repo\magister\opencv_proj\opencv_proj\Release\CL.read.1.tlog
F:\repo\magister\opencv_proj\opencv_proj\Release\CL.write.1.tlog
F:\REPO\MAGISTER\OPENCV_PROJ\OPENCV_PROJ\RELEASE\DECIMATOR.OBJ
F:\repo\magister\opencv_proj\opencv_proj\Release\link.command.1.tlog
F:\repo\magister\opencv_proj\opencv_proj\Release\link.read.1.tlog
F:\repo\magister\opencv_proj\opencv_proj\Release\link.write.1.tlog
F:\REPO\MAGISTER\OPENCV_PROJ\OPENCV_PROJ\RELEASE\MEDIAN.OBJ
F:\repo\magister\opencv_proj\opencv_proj\Release\mt.command.1.tlog
F:\repo\magister\opencv_proj\opencv_proj\Release\mt.read.1.tlog
F:\repo\magister\opencv_proj\opencv_proj\Release\mt.write.1.tlog
F:\REPO\MAGISTER\OPENCV_PROJ\OPENCV_PROJ\RELEASE\OPENCV_PROJ.EXE.INTERMEDIATE.MANIFEST
F:\REPO\MAGISTER\OPENCV_PROJ\OPENCV_PROJ\RELEASE\OPENCV_PROJ.OBJ
F:\REPO\MAGISTER\OPENCV_PROJ\OPENCV_PROJ\RELEASE\OPENCV_PROJ.PCH
F:\repo\magister\opencv_proj\opencv_proj\Release\opencv_proj.write.1.tlog
F:\REPO\MAGISTER\OPENCV_PROJ\OPENCV_PROJ\RELEASE\PREPAREDATA.OBJ
F:\REPO\MAGISTER\OPENCV_PROJ\OPENCV_PROJ\RELEASE\PRINTFILE.OBJ
F:\REPO\MAGISTER\OPENCV_PROJ\OPENCV_PROJ\RELEASE\STDAFX.OBJ
F:\REPO\MAGISTER\OPENCV_PROJ\OPENCV_PROJ\RELEASE\VC100.PDB
F:\REPO\MAGISTER\OPENCV_PROJ\OPENCV_PROJ\RELEASE\WAVELET.OBJ
F:\REPO\MAGISTER\OPENCV_PROJ\OPENCV_PROJ\RELEASE\WAVELETMATRIX.OBJ
F:\REPO\MAGISTER\OPENCV_PROJ\OPENCV_PROJ\RELEASE\WAVELETPACK.OBJ
